<?xml version="1.0" encoding="UTF-8"?>
<coverage generated="1762223985081" clover="3.2.0">
  <project timestamp="1762223985081" name="All files">
    <metrics statements="84" coveredstatements="81" conditionals="34" coveredconditionals="27" methods="15" coveredmethods="15" elements="133" coveredelements="123" complexity="0" loc="84" ncloc="84" packages="1" files="2" classes="2"/>
    <file name="test-app.factory.ts" path="C:\Users\hp\Documents\Ingenieria de Software\Proyecto Grupal\backend_sw1\test\helpers\test-app.factory.ts">
      <metrics statements="11" coveredstatements="11" conditionals="0" coveredconditionals="0" methods="1" coveredmethods="1"/>
      <line num="1" count="4" type="stmt"/>
      <line num="2" count="4" type="stmt"/>
      <line num="3" count="4" type="stmt"/>
      <line num="5" count="4" type="stmt"/>
      <line num="7" count="4" type="stmt"/>
      <line num="11" count="4" type="stmt"/>
      <line num="14" count="4" type="stmt"/>
      <line num="15" count="4" type="stmt"/>
      <line num="17" count="4" type="stmt"/>
      <line num="28" count="4" type="stmt"/>
      <line num="29" count="4" type="stmt"/>
    </file>
    <file name="test-helper.ts" path="C:\Users\hp\Documents\Ingenieria de Software\Proyecto Grupal\backend_sw1\test\helpers\test-helper.ts">
      <metrics statements="73" coveredstatements="70" conditionals="34" coveredconditionals="27" methods="14" coveredmethods="14"/>
      <line num="2" count="4" type="stmt"/>
      <line num="3" count="4" type="stmt"/>
      <line num="20" count="4" type="stmt"/>
      <line num="22" count="4" type="stmt"/>
      <line num="23" count="4" type="stmt"/>
      <line num="24" count="4" type="stmt"/>
      <line num="25" count="4" type="stmt"/>
      <line num="26" count="4" type="stmt"/>
      <line num="29" count="4" type="stmt"/>
      <line num="36" count="3" type="cond" truecount="1" falsecount="1"/>
      <line num="37" count="0" type="stmt"/>
      <line num="40" count="3" type="stmt"/>
      <line num="41" count="3" type="stmt"/>
      <line num="51" count="3" type="stmt"/>
      <line num="56" count="3" type="stmt"/>
      <line num="66" count="3" type="stmt"/>
      <line num="71" count="3" type="stmt"/>
      <line num="79" count="3" type="stmt"/>
      <line num="87" count="3" type="stmt"/>
      <line num="94" count="3" type="cond" truecount="1" falsecount="1"/>
      <line num="95" count="0" type="stmt"/>
      <line num="98" count="3" type="stmt"/>
      <line num="99" count="3" type="stmt"/>
      <line num="108" count="3" type="stmt"/>
      <line num="114" count="3" type="stmt"/>
      <line num="116" count="3" type="stmt"/>
      <line num="124" count="3" type="stmt"/>
      <line num="131" count="26" type="stmt"/>
      <line num="132" count="26" type="stmt"/>
      <line num="133" count="26" type="stmt"/>
      <line num="142" count="26" type="stmt"/>
      <line num="148" count="26" type="stmt"/>
      <line num="150" count="26" type="stmt"/>
      <line num="176" count="24" type="stmt"/>
      <line num="177" count="24" type="cond" truecount="2" falsecount="0"/>
      <line num="178" count="24" type="cond" truecount="1" falsecount="1"/>
      <line num="180" count="24" type="cond" truecount="2" falsecount="0"/>
      <line num="183" count="24" type="stmt"/>
      <line num="184" count="24" type="cond" truecount="2" falsecount="0"/>
      <line num="185" count="2" type="stmt"/>
      <line num="186" count="5" type="stmt"/>
      <line num="189" count="24" type="stmt"/>
      <line num="191" count="24" type="stmt"/>
      <line num="192" count="28" type="stmt"/>
      <line num="198" count="24" type="stmt"/>
      <line num="215" count="24" type="cond" truecount="1" falsecount="1"/>
      <line num="216" count="0" type="stmt"/>
      <line num="219" count="24" type="stmt"/>
      <line num="225" count="24" type="stmt"/>
      <line num="227" count="24" type="stmt"/>
      <line num="234" count="48" type="stmt"/>
      <line num="236" count="14" type="stmt"/>
      <line num="240" count="18" type="stmt"/>
      <line num="244" count="9" type="stmt"/>
      <line num="248" count="7" type="stmt"/>
      <line num="258" count="4" type="stmt"/>
      <line num="259" count="4" type="cond" truecount="2" falsecount="0"/>
      <line num="260" count="2" type="stmt"/>
      <line num="263" count="2" type="stmt"/>
      <line num="268" count="4" type="cond" truecount="1" falsecount="1"/>
      <line num="269" count="4" type="stmt"/>
      <line num="272" count="4" type="stmt"/>
      <line num="280" count="4" type="stmt"/>
      <line num="281" count="4" type="stmt"/>
      <line num="282" count="4" type="stmt"/>
      <line num="283" count="4" type="stmt"/>
      <line num="284" count="4" type="stmt"/>
      <line num="291" count="3" type="cond" truecount="1" falsecount="1"/>
      <line num="292" count="3" type="stmt"/>
      <line num="294" count="3" type="stmt"/>
      <line num="301" count="3" type="cond" truecount="1" falsecount="1"/>
      <line num="302" count="3" type="stmt"/>
      <line num="304" count="3" type="stmt"/>
    </file>
  </project>
</coverage>
