{"C:\\Users\\hp\\Documents\\Ingenieria de Software\\Proyecto Grupal\\backend_sw1\\test\\helpers\\test-app.factory.ts": {"path":"C:\\Users\\hp\\Documents\\Ingenieria de Software\\Proyecto Grupal\\backend_sw1\\test\\helpers\\test-app.factory.ts","statementMap":{"0":{"start":{"line":1,"column":0},"end":{"line":1,"column":54}},"1":{"start":{"line":2,"column":0},"end":{"line":2,"column":66}},"2":{"start":{"line":3,"column":0},"end":{"line":3,"column":44}},"3":{"start":{"line":7,"column":41},"end":{"line":9,"column":16}},"4":{"start":{"line":11,"column":16},"end":{"line":11,"column":53}},"5":{"start":{"line":14,"column":4},"end":{"line":14,"column":21}},"6":{"start":{"line":15,"column":4},"end":{"line":15,"column":31}},"7":{"start":{"line":17,"column":4},"end":{"line":26,"column":6}},"8":{"start":{"line":28,"column":4},"end":{"line":28,"column":21}},"9":{"start":{"line":29,"column":4},"end":{"line":29,"column":15}},"10":{"start":{"line":5,"column":0},"end":{"line":5,"column":13}}},"fnMap":{"0":{"name":"(anonymous_0)","decl":{"start":{"line":6,"column":2},"end":{"line":6,"column":8}},"loc":{"start":{"line":6,"column":28},"end":{"line":30,"column":3}}}},"branchMap":{},"s":{"0":4,"1":4,"2":4,"3":4,"4":4,"5":4,"6":4,"7":4,"8":4,"9":4,"10":4},"f":{"0":4},"b":{}}
,"C:\\Users\\hp\\Documents\\Ingenieria de Software\\Proyecto Grupal\\backend_sw1\\test\\helpers\\test-helper.ts": {"path":"C:\\Users\\hp\\Documents\\Ingenieria de Software\\Proyecto Grupal\\backend_sw1\\test\\helpers\\test-helper.ts","statementMap":{"0":{"start":{"line":2,"column":0},"end":{"line":2,"column":65}},"1":{"start":{"line":3,"column":0},"end":{"line":3,"column":38}},"2":{"start":{"line":22,"column":39},"end":{"line":22,"column":43}},"3":{"start":{"line":23,"column":41},"end":{"line":23,"column":45}},"4":{"start":{"line":24,"column":35},"end":{"line":24,"column":37}},"5":{"start":{"line":25,"column":38},"end":{"line":25,"column":40}},"6":{"start":{"line":26,"column":19},"end":{"line":26,"column":37}},"7":{"start":{"line":29,"column":4},"end":{"line":29,"column":19}},"8":{"start":{"line":36,"column":4},"end":{"line":38,"column":5}},"9":{"start":{"line":37,"column":6},"end":{"line":37,"column":28}},"10":{"start":{"line":40,"column":22},"end":{"line":40,"column":32}},"11":{"start":{"line":41,"column":21},"end":{"line":48,"column":6}},"12":{"start":{"line":51,"column":29},"end":{"line":54,"column":18}},"13":{"start":{"line":56,"column":4},"end":{"line":56,"column":58}},"14":{"start":{"line":66,"column":4},"end":{"line":69,"column":7}},"15":{"start":{"line":71,"column":26},"end":{"line":77,"column":18}},"16":{"start":{"line":79,"column":4},"end":{"line":85,"column":6}},"17":{"start":{"line":87,"column":4},"end":{"line":87,"column":26}},"18":{"start":{"line":94,"column":4},"end":{"line":96,"column":5}},"19":{"start":{"line":95,"column":6},"end":{"line":95,"column":30}},"20":{"start":{"line":98,"column":22},"end":{"line":98,"column":32}},"21":{"start":{"line":99,"column":21},"end":{"line":106,"column":6}},"22":{"start":{"line":108,"column":21},"end":{"line":111,"column":18}},"23":{"start":{"line":114,"column":4},"end":{"line":114,"column":50}},"24":{"start":{"line":116,"column":4},"end":{"line":122,"column":6}},"25":{"start":{"line":124,"column":4},"end":{"line":124,"column":28}},"26":{"start":{"line":131,"column":22},"end":{"line":131,"column":32}},"27":{"start":{"line":132,"column":19},"end":{"line":132,"column":52}},"28":{"start":{"line":133,"column":21},"end":{"line":140,"column":6}},"29":{"start":{"line":142,"column":21},"end":{"line":145,"column":18}},"30":{"start":{"line":148,"column":4},"end":{"line":148,"column":50}},"31":{"start":{"line":150,"column":4},"end":{"line":156,"column":6}},"32":{"start":{"line":176,"column":22},"end":{"line":176,"column":32}},"33":{"start":{"line":177,"column":24},"end":{"line":177,"column":68}},"34":{"start":{"line":178,"column":16},"end":{"line":178,"column":76}},"35":{"start":{"line":180,"column":6},"end":{"line":181,"column":70}},"36":{"start":{"line":183,"column":20},"end":{"line":183,"column":56}},"37":{"start":{"line":184,"column":4},"end":{"line":188,"column":5}},"38":{"start":{"line":185,"column":6},"end":{"line":187,"column":7}},"39":{"start":{"line":186,"column":8},"end":{"line":186,"column":48}},"40":{"start":{"line":189,"column":4},"end":{"line":189,"column":59}},"41":{"start":{"line":191,"column":24},"end":{"line":195,"column":null}},"42":{"start":{"line":192,"column":27},"end":{"line":195,"column":8}},"43":{"start":{"line":198,"column":49},"end":{"line":213,"column":6}},"44":{"start":{"line":215,"column":4},"end":{"line":217,"column":5}},"45":{"start":{"line":216,"column":6},"end":{"line":216,"column":58}},"46":{"start":{"line":219,"column":21},"end":{"line":223,"column":18}},"47":{"start":{"line":225,"column":4},"end":{"line":225,"column":56}},"48":{"start":{"line":227,"column":4},"end":{"line":227,"column":33}},"49":{"start":{"line":234,"column":4},"end":{"line":251,"column":6}},"50":{"start":{"line":236,"column":8},"end":{"line":238,"column":50}},"51":{"start":{"line":240,"column":8},"end":{"line":242,"column":50}},"52":{"start":{"line":244,"column":8},"end":{"line":246,"column":50}},"53":{"start":{"line":248,"column":8},"end":{"line":250,"column":50}},"54":{"start":{"line":258,"column":4},"end":{"line":278,"column":5}},"55":{"start":{"line":259,"column":6},"end":{"line":266,"column":7}},"56":{"start":{"line":260,"column":8},"end":{"line":262,"column":11}},"57":{"start":{"line":263,"column":8},"end":{"line":265,"column":11}},"58":{"start":{"line":268,"column":6},"end":{"line":275,"column":7}},"59":{"start":{"line":269,"column":8},"end":{"line":271,"column":11}},"60":{"start":{"line":272,"column":8},"end":{"line":274,"column":11}},"61":{"start":{"line":280,"column":4},"end":{"line":280,"column":27}},"62":{"start":{"line":281,"column":4},"end":{"line":281,"column":30}},"63":{"start":{"line":282,"column":4},"end":{"line":282,"column":26}},"64":{"start":{"line":283,"column":4},"end":{"line":283,"column":28}},"65":{"start":{"line":284,"column":4},"end":{"line":284,"column":36}},"66":{"start":{"line":291,"column":4},"end":{"line":293,"column":5}},"67":{"start":{"line":292,"column":6},"end":{"line":292,"column":35}},"68":{"start":{"line":294,"column":4},"end":{"line":294,"column":27}},"69":{"start":{"line":301,"column":4},"end":{"line":303,"column":5}},"70":{"start":{"line":302,"column":6},"end":{"line":302,"column":37}},"71":{"start":{"line":304,"column":4},"end":{"line":304,"column":29}},"72":{"start":{"line":20,"column":0},"end":{"line":20,"column":13}}},"fnMap":{"0":{"name":"(anonymous_0)","decl":{"start":{"line":28,"column":2},"end":{"line":28,"column":14}},"loc":{"start":{"line":28,"column":35},"end":{"line":30,"column":3}}},"1":{"name":"(anonymous_1)","decl":{"start":{"line":35,"column":2},"end":{"line":35,"column":7}},"loc":{"start":{"line":35,"column":23},"end":{"line":88,"column":3}}},"2":{"name":"(anonymous_2)","decl":{"start":{"line":93,"column":2},"end":{"line":93,"column":7}},"loc":{"start":{"line":93,"column":25},"end":{"line":125,"column":3}}},"3":{"name":"(anonymous_3)","decl":{"start":{"line":130,"column":2},"end":{"line":130,"column":7}},"loc":{"start":{"line":130,"column":47},"end":{"line":157,"column":3}}},"4":{"name":"(anonymous_4)","decl":{"start":{"line":162,"column":2},"end":{"line":162,"column":7}},"loc":{"start":{"line":174,"column":10},"end":{"line":228,"column":3}}},"5":{"name":"(anonymous_5)","decl":{"start":{"line":192,"column":6},"end":{"line":192,"column":7}},"loc":{"start":{"line":192,"column":27},"end":{"line":195,"column":8}}},"6":{"name":"(anonymous_6)","decl":{"start":{"line":233,"column":2},"end":{"line":233,"column":25}},"loc":{"start":{"line":233,"column":39},"end":{"line":252,"column":3}}},"7":{"name":"(anonymous_7)","decl":{"start":{"line":235,"column":11},"end":{"line":235,"column":12}},"loc":{"start":{"line":236,"column":8},"end":{"line":238,"column":50}}},"8":{"name":"(anonymous_8)","decl":{"start":{"line":239,"column":12},"end":{"line":239,"column":13}},"loc":{"start":{"line":240,"column":8},"end":{"line":242,"column":50}}},"9":{"name":"(anonymous_9)","decl":{"start":{"line":243,"column":13},"end":{"line":243,"column":14}},"loc":{"start":{"line":244,"column":8},"end":{"line":246,"column":50}}},"10":{"name":"(anonymous_10)","decl":{"start":{"line":247,"column":14},"end":{"line":247,"column":15}},"loc":{"start":{"line":248,"column":8},"end":{"line":250,"column":50}}},"11":{"name":"(anonymous_11)","decl":{"start":{"line":257,"column":2},"end":{"line":257,"column":7}},"loc":{"start":{"line":257,"column":15},"end":{"line":285,"column":3}}},"12":{"name":"(anonymous_12)","decl":{"start":{"line":290,"column":2},"end":{"line":290,"column":7}},"loc":{"start":{"line":290,"column":20},"end":{"line":295,"column":3}}},"13":{"name":"(anonymous_13)","decl":{"start":{"line":300,"column":2},"end":{"line":300,"column":7}},"loc":{"start":{"line":300,"column":22},"end":{"line":305,"column":3}}}},"branchMap":{"0":{"loc":{"start":{"line":36,"column":4},"end":{"line":38,"column":5}},"type":"if","locations":[{"start":{"line":36,"column":4},"end":{"line":38,"column":5}},{"start":{},"end":{}}]},"1":{"loc":{"start":{"line":94,"column":4},"end":{"line":96,"column":5}},"type":"if","locations":[{"start":{"line":94,"column":4},"end":{"line":96,"column":5}},{"start":{},"end":{}}]},"2":{"loc":{"start":{"line":130,"column":23},"end":{"line":130,"column":47}},"type":"default-arg","locations":[{"start":{"line":130,"column":42},"end":{"line":130,"column":47}}]},"3":{"loc":{"start":{"line":164,"column":4},"end":{"line":174,"column":10}},"type":"default-arg","locations":[{"start":{"line":174,"column":8},"end":{"line":174,"column":10}}]},"4":{"loc":{"start":{"line":177,"column":24},"end":{"line":177,"column":68}},"type":"binary-expr","locations":[{"start":{"line":177,"column":24},"end":{"line":177,"column":36}},{"start":{"line":177,"column":40},"end":{"line":177,"column":68}}]},"5":{"loc":{"start":{"line":178,"column":16},"end":{"line":178,"column":76}},"type":"cond-expr","locations":[{"start":{"line":178,"column":36},"end":{"line":178,"column":63}},{"start":{"line":178,"column":66},"end":{"line":178,"column":76}}]},"6":{"loc":{"start":{"line":180,"column":6},"end":{"line":181,"column":70}},"type":"binary-expr","locations":[{"start":{"line":180,"column":6},"end":{"line":180,"column":21}},{"start":{"line":181,"column":6},"end":{"line":181,"column":70}}]},"7":{"loc":{"start":{"line":184,"column":4},"end":{"line":188,"column":5}},"type":"if","locations":[{"start":{"line":184,"column":4},"end":{"line":188,"column":5}},{"start":{},"end":{}}]},"8":{"loc":{"start":{"line":201,"column":8},"end":{"line":202,"column":67}},"type":"binary-expr","locations":[{"start":{"line":201,"column":8},"end":{"line":201,"column":27}},{"start":{"line":202,"column":8},"end":{"line":202,"column":67}}]},"9":{"loc":{"start":{"line":204,"column":8},"end":{"line":205,"column":82}},"type":"binary-expr","locations":[{"start":{"line":204,"column":8},"end":{"line":204,"column":32}},{"start":{"line":205,"column":8},"end":{"line":205,"column":82}}]},"10":{"loc":{"start":{"line":207,"column":8},"end":{"line":208,"column":75}},"type":"binary-expr","locations":[{"start":{"line":207,"column":8},"end":{"line":207,"column":31}},{"start":{"line":208,"column":8},"end":{"line":208,"column":75}}]},"11":{"loc":{"start":{"line":209,"column":18},"end":{"line":209,"column":49}},"type":"binary-expr","locations":[{"start":{"line":209,"column":18},"end":{"line":209,"column":36}},{"start":{"line":209,"column":40},"end":{"line":209,"column":49}}]},"12":{"loc":{"start":{"line":210,"column":18},"end":{"line":210,"column":56}},"type":"binary-expr","locations":[{"start":{"line":210,"column":18},"end":{"line":210,"column":35}},{"start":{"line":210,"column":39},"end":{"line":210,"column":56}}]},"13":{"loc":{"start":{"line":215,"column":4},"end":{"line":217,"column":5}},"type":"if","locations":[{"start":{"line":215,"column":4},"end":{"line":217,"column":5}},{"start":{},"end":{}}]},"14":{"loc":{"start":{"line":259,"column":6},"end":{"line":266,"column":7}},"type":"if","locations":[{"start":{"line":259,"column":6},"end":{"line":266,"column":7}},{"start":{},"end":{}}]},"15":{"loc":{"start":{"line":268,"column":6},"end":{"line":275,"column":7}},"type":"if","locations":[{"start":{"line":268,"column":6},"end":{"line":275,"column":7}},{"start":{},"end":{}}]},"16":{"loc":{"start":{"line":291,"column":4},"end":{"line":293,"column":5}},"type":"if","locations":[{"start":{"line":291,"column":4},"end":{"line":293,"column":5}},{"start":{},"end":{}}]},"17":{"loc":{"start":{"line":301,"column":4},"end":{"line":303,"column":5}},"type":"if","locations":[{"start":{"line":301,"column":4},"end":{"line":303,"column":5}},{"start":{},"end":{}}]}},"s":{"0":4,"1":4,"2":4,"3":4,"4":4,"5":4,"6":4,"7":4,"8":3,"9":0,"10":3,"11":3,"12":3,"13":3,"14":3,"15":3,"16":3,"17":3,"18":3,"19":0,"20":3,"21":3,"22":3,"23":3,"24":3,"25":3,"26":26,"27":26,"28":26,"29":26,"30":26,"31":26,"32":24,"33":24,"34":24,"35":24,"36":24,"37":24,"38":2,"39":5,"40":24,"41":24,"42":28,"43":24,"44":24,"45":0,"46":24,"47":24,"48":24,"49":48,"50":14,"51":18,"52":9,"53":7,"54":4,"55":4,"56":2,"57":2,"58":4,"59":4,"60":4,"61":4,"62":4,"63":4,"64":4,"65":4,"66":3,"67":3,"68":3,"69":3,"70":3,"71":3,"72":4},"f":{"0":4,"1":3,"2":3,"3":26,"4":24,"5":28,"6":48,"7":14,"8":18,"9":9,"10":7,"11":4,"12":3,"13":3},"b":{"0":[0,3],"1":[0,3],"2":[26],"3":[20],"4":[24,23],"5":[0,24],"6":[24,24],"7":[2,22],"8":[24,24],"9":[24,24],"10":[24,24],"11":[24,22],"12":[24,24],"13":[0,24],"14":[2,2],"15":[4,0],"16":[3,0],"17":[3,0]}}
}
