TN:
SF:test\helpers\test-app.factory.ts
FN:6,(anonymous_0)
FNF:1
FNH:1
FNDA:4,(anonymous_0)
DA:1,4
DA:2,4
DA:3,4
DA:5,4
DA:7,4
DA:11,4
DA:14,4
DA:15,4
DA:17,4
DA:28,4
DA:29,4
LF:11
LH:11
BRF:0
BRH:0
end_of_record
TN:
SF:test\helpers\test-helper.ts
FN:28,(anonymous_0)
FN:35,(anonymous_1)
FN:93,(anonymous_2)
FN:130,(anonymous_3)
FN:162,(anonymous_4)
FN:192,(anonymous_5)
FN:233,(anonymous_6)
FN:235,(anonymous_7)
FN:239,(anonymous_8)
FN:243,(anonymous_9)
FN:247,(anonymous_10)
FN:257,(anonymous_11)
FN:290,(anonymous_12)
FN:300,(anonymous_13)
FNF:14
FNH:14
FNDA:4,(anonymous_0)
FNDA:3,(anonymous_1)
FNDA:3,(anonymous_2)
FNDA:26,(anonymous_3)
FNDA:24,(anonymous_4)
FNDA:28,(anonymous_5)
FNDA:48,(anonymous_6)
FNDA:14,(anonymous_7)
FNDA:18,(anonymous_8)
FNDA:9,(anonymous_9)
FNDA:7,(anonymous_10)
FNDA:4,(anonymous_11)
FNDA:3,(anonymous_12)
FNDA:3,(anonymous_13)
DA:2,4
DA:3,4
DA:20,4
DA:22,4
DA:23,4
DA:24,4
DA:25,4
DA:26,4
DA:29,4
DA:36,3
DA:37,0
DA:40,3
DA:41,3
DA:51,3
DA:56,3
DA:66,3
DA:71,3
DA:79,3
DA:87,3
DA:94,3
DA:95,0
DA:98,3
DA:99,3
DA:108,3
DA:114,3
DA:116,3
DA:124,3
DA:131,26
DA:132,26
DA:133,26
DA:142,26
DA:148,26
DA:150,26
DA:176,24
DA:177,24
DA:178,24
DA:180,24
DA:183,24
DA:184,24
DA:185,2
DA:186,5
DA:189,24
DA:191,24
DA:192,28
DA:198,24
DA:215,24
DA:216,0
DA:219,24
DA:225,24
DA:227,24
DA:234,48
DA:236,14
DA:240,18
DA:244,9
DA:248,7
DA:258,4
DA:259,4
DA:260,2
DA:263,2
DA:268,4
DA:269,4
DA:272,4
DA:280,4
DA:281,4
DA:282,4
DA:283,4
DA:284,4
DA:291,3
DA:292,3
DA:294,3
DA:301,3
DA:302,3
DA:304,3
LF:73
LH:70
BRDA:36,0,0,0
BRDA:36,0,1,3
BRDA:94,1,0,0
BRDA:94,1,1,3
BRDA:130,2,0,26
BRDA:164,3,0,20
BRDA:177,4,0,24
BRDA:177,4,1,23
BRDA:178,5,0,0
BRDA:178,5,1,24
BRDA:180,6,0,24
BRDA:180,6,1,24
BRDA:184,7,0,2
BRDA:184,7,1,22
BRDA:201,8,0,24
BRDA:201,8,1,24
BRDA:204,9,0,24
BRDA:204,9,1,24
BRDA:207,10,0,24
BRDA:207,10,1,24
BRDA:209,11,0,24
BRDA:209,11,1,22
BRDA:210,12,0,24
BRDA:210,12,1,24
BRDA:215,13,0,0
BRDA:215,13,1,24
BRDA:259,14,0,2
BRDA:259,14,1,2
BRDA:268,15,0,4
BRDA:268,15,1,0
BRDA:291,16,0,3
BRDA:291,16,1,0
BRDA:301,17,0,3
BRDA:301,17,1,0
BRF:34
BRH:27
end_of_record
